<?xml version="1.0" encoding="UTF-8"?>
<testng-results ignored="0" total="1" passed="1" failed="0" skipped="0">
  <reporter-output>
  </reporter-output>
  <suite started-at="2024-07-10T21:46:00 IST" name="Command line suite" finished-at="2024-07-10T21:46:12 IST" duration-ms="11698">
    <groups>
    </groups>
    <test started-at="2024-07-10T21:46:00 IST" name="Command line test" finished-at="2024-07-10T21:46:12 IST" duration-ms="11698">
      <class name="SSquareIT.SeleniumFrameworkbySSquareIT.E2ETest">
        <test-method signature="endToEndTest()[pri:0, instance:SSquareIT.SeleniumFrameworkbySSquareIT.E2ETest@45f45fa1]" started-at="2024-07-10T21:46:00 IST" name="endToEndTest" finished-at="2024-07-10T21:46:12 IST" duration-ms="11652" status="PASS">
          <reporter-output>
          </reporter-output>
        </test-method> <!-- endToEndTest -->
      </class> <!-- SSquareIT.SeleniumFrameworkbySSquareIT.E2ETest -->
    </test> <!-- Command line test -->
  </suite> <!-- Command line suite -->
</testng-results>
