<?xml version="1.0" encoding="UTF-8"?>
<testng-results ignored="0" total="2" passed="2" failed="0" skipped="0">
  <reporter-output>
  </reporter-output>
  <suite started-at="2024-07-16T19:43:20 IST" name="Suite" finished-at="2024-07-16T19:43:41 IST" duration-ms="21222">
    <groups>
    </groups>
    <test started-at="2024-07-16T19:43:20 IST" name="Test" finished-at="2024-07-16T19:43:41 IST" duration-ms="21222">
      <class name="seleniumFramework.E2ETest2">
        <test-method signature="endToEndTest(java.lang.String,java.lang.String)[pri:0, instance:seleniumFramework.E2ETest2@24c1b2d2]" started-at="2024-07-16T19:43:20 IST" name="endToEndTest" data-provider="data" finished-at="2024-07-16T19:43:33 IST" duration-ms="12573" status="PASS">
          <params>
            <param index="0">
              <value>
                <![CDATA[yog@gmail.com]]>
              </value>
            </param>
            <param index="1">
              <value>
                <![CDATA[Yogesh@12345]]>
              </value>
            </param>
          </params>
          <reporter-output>
          </reporter-output>
        </test-method> <!-- endToEndTest -->
        <test-method signature="endToEndTest(java.lang.String,java.lang.String)[pri:0, instance:seleniumFramework.E2ETest2@24c1b2d2]" started-at="2024-07-16T19:43:33 IST" name="endToEndTest" data-provider="data" finished-at="2024-07-16T19:43:41 IST" duration-ms="8572" status="PASS">
          <params>
            <param index="0">
              <value>
                <![CDATA[lallu@gmail.com]]>
              </value>
            </param>
            <param index="1">
              <value>
                <![CDATA[Lallu@12345]]>
              </value>
            </param>
          </params>
          <reporter-output>
          </reporter-output>
        </test-method> <!-- endToEndTest -->
      </class> <!-- seleniumFramework.E2ETest2 -->
    </test> <!-- Test -->
  </suite> <!-- Suite -->
</testng-results>
